
> mingle@1.0.0 start
> node app.js

Mingle API listening on port 3000
MongoDB connected

> mingle@1.0.0 start
> node app.js

/home/dpopa0377/dpopa04/src/routes/posts.js:252
router.get('/most-active/:topic', verifyToken, async (req, res) => {
                                  ^

ReferenceError: verifyToken is not defined
    at Object.<anonymous> (/home/dpopa0377/dpopa04/src/routes/posts.js:252:35)
    at Module._compile (node:internal/modules/cjs/loader:1364:14)
    at Module._extensions..js (node:internal/modules/cjs/loader:1422:10)
    at Module.load (node:internal/modules/cjs/loader:1203:32)
    at Module._load (node:internal/modules/cjs/loader:1019:12)
    at Module.require (node:internal/modules/cjs/loader:1231:19)
    at require (node:internal/modules/helpers:177:18)
    at Object.<anonymous> (/home/dpopa0377/dpopa04/app.js:9:20)
    at Module._compile (node:internal/modules/cjs/loader:1364:14)
    at Module._extensions..js (node:internal/modules/cjs/loader:1422:10)

Node.js v18.20.8
